00:00:00.153365 VirtualBox GUI VM Selector Window 7.2.0 r170228 linux.amd64 (Aug 14 2025 19:02:36) release log
00:00:00.153367 Log opened 2025-08-27T23:44:38.579382000Z
00:00:00.153367 Build Type: release
00:00:00.153368 OS Product: Linux
00:00:00.153369 OS Release: 6.16.3-2-cachyos
00:00:00.153370 OS Version: #1 SMP PREEMPT_DYNAMIC Mon, 25 Aug 2025 16:15:18 +0000
00:00:00.153386 DMI Product Name: 16Z90S-H.ADB9U1
00:00:00.153392 DMI Product Version: 0.1
00:00:00.153396 Firmware type: UEFI
00:00:00.153455 Secure Boot: Disabled
00:00:00.153479 Host RAM: 31589MB (30.8GB) total, 30301MB (29.5GB) available
00:00:00.153481 Executable: /usr/lib/virtualbox/VirtualBox
00:00:00.153481 Process ID: 9083
00:00:00.153481 Package type: LINUX_64BITS_GENERIC (OSE)
00:00:00.153493 Qt version: 6.9.1
00:00:00.153792 GUI: UIMediumEnumerator: Initial medium-enumeration finished!
00:00:00.155270 GUI: UIMediumEnumerator: Medium-enumeration started...
00:00:00.155274 GUI: UIMediumEnumerator: Medium-enumeration finished!
00:00:02.418294 GUI: UIDesktopWidgetWatchdog::sltHandleHostScreenAvailableGeometryCalculated: Screen 0 work area is actually resized to: 1277x790 x 800x800
00:03:05.478375 GUI: UICommon: Handling aboutToQuit request..
00:03:06.011588 GUI: UICommon: aboutToQuit request handled!
